<?xml version="1.0" encoding="UTF-8"?>
<!-- Generated by org.testng.reporters.JUnitReportReporter -->
<testsuite hostname="ca0edc65b84a5a3" failures="0" tests="1" name="Ustbatchno3.TestNG1.Vishatest" time="0.020" errors="0" timestamp="2023-03-14T09:36:44 IST" skipped="0">
  <testcase classname="Ustbatchno3.TestNG1.Vishatest" name="Constru" time="0.020"/>
  <system-out/>
</testsuite> <!-- Ustbatchno3.TestNG1.Vishatest -->
